0 info it worked if it ends with ok
1 verbose cli [ '/usr/local/bin/node',
1 verbose cli   '/usr/local/bin/npm',
1 verbose cli   'install',
1 verbose cli   '-g',
1 verbose cli   'bower' ]
2 info using npm@1.4.21
3 info using node@v0.10.30
4 verbose cache add [ 'bower', null ]
5 verbose cache add name=undefined spec="bower" args=["bower",null]
6 verbose parsed url { protocol: null,
6 verbose parsed url   slashes: null,
6 verbose parsed url   auth: null,
6 verbose parsed url   host: null,
6 verbose parsed url   port: null,
6 verbose parsed url   hostname: null,
6 verbose parsed url   hash: null,
6 verbose parsed url   search: null,
6 verbose parsed url   query: null,
6 verbose parsed url   pathname: 'bower',
6 verbose parsed url   path: 'bower',
6 verbose parsed url   href: 'bower' }
7 silly lockFile 206e3ce5-bower bower
8 verbose lock bower /home/mndyrs/.npm/206e3ce5-bower.lock
9 silly lockFile 206e3ce5-bower bower
10 silly lockFile 206e3ce5-bower bower
11 verbose addNamed [ 'bower', '' ]
12 verbose addNamed [ null, '*' ]
13 silly lockFile 1240aab1-bower bower@
14 verbose lock bower@ /home/mndyrs/.npm/1240aab1-bower.lock
15 silly addNameRange { name: 'bower', range: '*', hasData: false }
16 verbose request where is /bower
17 verbose request registry https://registry.npmjs.org/
18 verbose request id f3cb23891a612827
19 verbose url raw /bower
20 verbose url resolving [ 'https://registry.npmjs.org/', './bower' ]
21 verbose url resolved https://registry.npmjs.org/bower
22 verbose request where is https://registry.npmjs.org/bower
23 info trying registry request attempt 1 at 14:53:49
24 verbose etag "8N55JDY0JZF8KZ083NTRTKDJW"
25 http GET https://registry.npmjs.org/bower
26 http 200 https://registry.npmjs.org/bower
27 silly registry.get cb [ 200,
27 silly registry.get   { server: 'CouchDB/1.5.0 (Erlang OTP/R16B03)',
27 silly registry.get     etag: '"91NYIHE53ZJD1W6KCAYALJI0U"',
27 silly registry.get     'content-type': 'application/json',
27 silly registry.get     'cache-control': 'max-age=60',
27 silly registry.get     'content-length': '117561',
27 silly registry.get     'accept-ranges': 'bytes',
27 silly registry.get     date: 'Tue, 25 Aug 2015 18:53:49 GMT',
27 silly registry.get     via: '1.1 varnish',
27 silly registry.get     age: '40',
27 silly registry.get     connection: 'keep-alive',
27 silly registry.get     'x-served-by': 'cache-iad2142-IAD',
27 silly registry.get     'x-cache': 'HIT',
27 silly registry.get     'x-cache-hits': '1',
27 silly registry.get     'x-timer': 'S1440528829.191009,VS0,VE0',
27 silly registry.get     vary: 'Accept' } ]
28 silly addNameRange number 2 { name: 'bower', range: '*', hasData: true }
29 silly addNameRange versions [ 'bower',
29 silly addNameRange   [ '0.1.0',
29 silly addNameRange     '0.1.2',
29 silly addNameRange     '0.1.3',
29 silly addNameRange     '0.2.0',
29 silly addNameRange     '0.3.0',
29 silly addNameRange     '0.3.1',
29 silly addNameRange     '0.3.2',
29 silly addNameRange     '0.4.0',
29 silly addNameRange     '0.5.0',
29 silly addNameRange     '0.5.1',
29 silly addNameRange     '0.6.0',
29 silly addNameRange     '0.6.1',
29 silly addNameRange     '0.6.2',
29 silly addNameRange     '0.6.3',
29 silly addNameRange     '0.6.4',
29 silly addNameRange     '0.6.5',
29 silly addNameRange     '0.6.6',
29 silly addNameRange     '0.6.7',
29 silly addNameRange     '0.6.8',
29 silly addNameRange     '0.7.0',
29 silly addNameRange     '0.7.1',
29 silly addNameRange     '0.8.0',
29 silly addNameRange     '0.8.1',
29 silly addNameRange     '0.8.2',
29 silly addNameRange     '0.8.3',
29 silly addNameRange     '0.8.4',
29 silly addNameRange     '0.8.5',
29 silly addNameRange     '0.8.6',
29 silly addNameRange     '0.9.0',
29 silly addNameRange     '0.9.1',
29 silly addNameRange     '0.9.2',
29 silly addNameRange     '0.10.0',
29 silly addNameRange     '1.0.0',
29 silly addNameRange     '1.0.1',
29 silly addNameRange     '1.0.2',
29 silly addNameRange     '1.0.3',
29 silly addNameRange     '1.1.0',
29 silly addNameRange     '1.1.1',
29 silly addNameRange     '1.1.2',
29 silly addNameRange     '1.2.0',
29 silly addNameRange     '1.2.1',
29 silly addNameRange     '1.2.2',
29 silly addNameRange     '1.2.3',
29 silly addNameRange     '1.2.4',
29 silly addNameRange     '1.2.5',
29 silly addNameRange     '1.2.6',
29 silly addNameRange     '1.2.7',
29 silly addNameRange     '1.2.8',
29 silly addNameRange     '1.3.0',
29 silly addNameRange     '1.3.1',
29 silly addNameRange     '1.3.2',
29 silly addNameRange     '1.3.3',
29 silly addNameRange     '1.3.4',
29 silly addNameRange     '1.3.5',
29 silly addNameRange     '1.3.6',
29 silly addNameRange     '1.3.7',
29 silly addNameRange     '1.3.8',
29 silly addNameRange     '1.3.9',
29 silly addNameRange     '1.3.10',
29 silly addNameRange     '1.3.11',
29 silly addNameRange     '1.3.12',
29 silly addNameRange     '1.4.0',
29 silly addNameRange     '1.4.1',
29 silly addNameRange     '1.5.0',
29 silly addNameRange     '1.5.1' ] ]
30 verbose addNamed [ 'bower', '1.5.1' ]
31 verbose addNamed [ '1.5.1', '1.5.1' ]
32 silly lockFile ade5b00b-bower-1-5-1 bower@1.5.1
33 verbose lock bower@1.5.1 /home/mndyrs/.npm/ade5b00b-bower-1-5-1.lock
34 silly lockFile f3c887fa--npmjs-org-bower-bower-1-5-1-tgz https://registry.npmjs.org/bower/-/bower-1.5.1.tgz
35 verbose lock https://registry.npmjs.org/bower/-/bower-1.5.1.tgz /home/mndyrs/.npm/f3c887fa--npmjs-org-bower-bower-1-5-1-tgz.lock
36 verbose addRemoteTarball [ 'https://registry.npmjs.org/bower/-/bower-1.5.1.tgz',
36 verbose addRemoteTarball   'a099d02fcd3952edb326011234b4fc616dfc3f36' ]
37 info retry fetch attempt 1 at 14:53:49
38 verbose fetch to= /tmp/npm-27454-P-atHiL+/registry.npmjs.org/bower/-/bower-1.5.1.tgz
39 http GET https://registry.npmjs.org/bower/-/bower-1.5.1.tgz
40 http 200 https://registry.npmjs.org/bower/-/bower-1.5.1.tgz
41 silly lockFile f3c887fa--npmjs-org-bower-bower-1-5-1-tgz https://registry.npmjs.org/bower/-/bower-1.5.1.tgz
42 silly lockFile f3c887fa--npmjs-org-bower-bower-1-5-1-tgz https://registry.npmjs.org/bower/-/bower-1.5.1.tgz
43 silly lockFile ade5b00b-bower-1-5-1 bower@1.5.1
44 silly lockFile ade5b00b-bower-1-5-1 bower@1.5.1
45 silly lockFile 1240aab1-bower bower@
46 silly lockFile 1240aab1-bower bower@
47 silly resolved [ { name: 'bower',
47 silly resolved     version: '1.5.1',
47 silly resolved     description: 'The browser package manager',
47 silly resolved     author: { name: 'Twitter' },
47 silly resolved     license: 'MIT',
47 silly resolved     repository: { type: 'git', url: 'git+https://github.com/bower/bower.git' },
47 silly resolved     main: 'lib',
47 silly resolved     homepage: 'http://bower.io',
47 silly resolved     engines: { node: '>=0.10.0' },
47 silly resolved     dependencies:
47 silly resolved      { abbrev: '^1.0.5',
47 silly resolved        archy: '1.0.0',
47 silly resolved        'bower-config': '^0.6.1',
47 silly resolved        'bower-endpoint-parser': '^0.2.2',
47 silly resolved        'bower-json': '^0.4.0',
47 silly resolved        'bower-logger': '^0.2.2',
47 silly resolved        'bower-registry-client': '^0.3.0',
47 silly resolved        cardinal: '0.4.4',
47 silly resolved        chalk: '^1.0.0',
47 silly resolved        chmodr: '0.1.0',
47 silly resolved        configstore: '^0.3.2',
47 silly resolved        'decompress-zip': '^0.1.0',
47 silly resolved        'deep-sort-object': '~0.1.1',
47 silly resolved        'findup-sync': '^0.2.1',
47 silly resolved        fstream: '^1.0.3',
47 silly resolved        'fstream-ignore': '^1.0.2',
47 silly resolved        github: '^0.2.3',
47 silly resolved        glob: '^4.3.2',
47 silly resolved        'graceful-fs': '^3.0.5',
47 silly resolved        handlebars: '^2.0.0',
47 silly resolved        inquirer: '0.8.0',
47 silly resolved        insight: '^0.5.0',
47 silly resolved        'is-root': '^1.0.0',
47 silly resolved        junk: '^1.0.0',
47 silly resolved        lockfile: '^1.0.0',
47 silly resolved        'lru-cache': '^2.5.0',
47 silly resolved        mkdirp: '0.5.0',
47 silly resolved        mout: '^0.11.0',
47 silly resolved        nopt: '^3.0.1',
47 silly resolved        opn: '^1.0.1',
47 silly resolved        'p-throttler': '0.1.1',
47 silly resolved        promptly: '0.2.0',
47 silly resolved        q: '^1.1.2',
47 silly resolved        request: '2.53.0',
47 silly resolved        'request-progress': '0.3.1',
47 silly resolved        retry: '0.6.1',
47 silly resolved        rimraf: '^2.2.8',
47 silly resolved        semver: '^5.0.1',
47 silly resolved        'shell-quote': '^1.4.2',
47 silly resolved        'stringify-object': '^1.0.0',
47 silly resolved        'tar-fs': '^1.4.1',
47 silly resolved        tmp: '0.0.24',
47 silly resolved        'update-notifier': '^0.3.0',
47 silly resolved        'user-home': '^1.1.0',
47 silly resolved        which: '^1.0.8' },
47 silly resolved     devDependencies:
47 silly resolved      { chai: '^1.10.0',
47 silly resolved        coveralls: '^2.11.2',
47 silly resolved        'expect.js': '^0.3.1',
47 silly resolved        grunt: '^0.4.5',
47 silly resolved        'grunt-cli': '^0.1.13',
47 silly resolved        'grunt-contrib-jshint': '^0.10.0',
47 silly resolved        'grunt-contrib-watch': '^0.6.1',
47 silly resolved        'grunt-exec': '^0.4.6',
47 silly resolved        'grunt-simple-mocha': '^0.4.0',
47 silly resolved        istanbul: '^0.3.5',
47 silly resolved        'load-grunt-tasks': '^2.0.0',
47 silly resolved        mocha: '^2.1.0',
47 silly resolved        multiline: '^1.0.2',
47 silly resolved        nock: '^0.56.0',
47 silly resolved        'node-uuid': '^1.4.2',
47 silly resolved        proxyquire: '^1.3.0',
47 silly resolved        'spawn-sync': '^1.0.5' },
47 silly resolved     scripts: { test: 'grunt test' },
47 silly resolved     bin: { bower: 'bin/bower' },
47 silly resolved     files: [ 'bin', 'lib', 'templates' ],
47 silly resolved     gitHead: '23afb3a12964e3b6e0716a9e4eccdba6cbf60f27',
47 silly resolved     bugs: { url: 'https://github.com/bower/bower/issues' },
47 silly resolved     _id: 'bower@1.5.1',
47 silly resolved     _shasum: 'a099d02fcd3952edb326011234b4fc616dfc3f36',
47 silly resolved     _from: 'bower@',
47 silly resolved     _npmVersion: '2.11.3',
47 silly resolved     _nodeVersion: '0.12.7',
47 silly resolved     _npmUser: { name: 'sheerun', email: 'sheerun@sher.pl' },
47 silly resolved     dist:
47 silly resolved      { shasum: 'a099d02fcd3952edb326011234b4fc616dfc3f36',
47 silly resolved        tarball: 'http://registry.npmjs.org/bower/-/bower-1.5.1.tgz' },
47 silly resolved     maintainers: [ [Object], [Object], [Object], [Object], [Object], [Object] ],
47 silly resolved     directories: {},
47 silly resolved     _resolved: 'https://registry.npmjs.org/bower/-/bower-1.5.1.tgz' } ]
48 info install bower@1.5.1 into /usr/local/lib
49 info installOne bower@1.5.1
50 verbose lib/node_modules/bower unbuild
51 info preuninstall bower@1.4.1
52 info uninstall bower@1.4.1
53 verbose true,/usr/local/lib/node_modules,/usr/local/lib/node_modules unbuild bower@1.4.1
54 verbose /usr/local/bin,[object Object] binRoot
55 verbose lib/node_modules/bower unbuild
56 info preuninstall bower@1.4.1
57 info uninstall bower@1.4.1
58 verbose true,/usr/local/lib/node_modules,/usr/local/lib/node_modules unbuild bower@1.4.1
59 verbose /usr/local/bin,[object Object] binRoot
60 error error rolling back Error: EACCES, unlink '/usr/local/bin/bower'
60 error error rolling back  bower@1.5.1 { [Error: EACCES, unlink '/usr/local/bin/bower'] errno: 3, code: 'EACCES', path: '/usr/local/bin/bower' }
61 error Error: EACCES, unlink '/usr/local/bin/bower'
61 error  { [Error: EACCES, unlink '/usr/local/bin/bower'] errno: 3, code: 'EACCES', path: '/usr/local/bin/bower' }
62 error Please try running this command again as root/Administrator.
63 error System Linux 2.6.32-431.23.3.el6.x86_64
64 error command "/usr/local/bin/node" "/usr/local/bin/npm" "install" "-g" "bower"
65 error cwd /home/mndyrs/public_html/development/what/templates/what
66 error node -v v0.10.30
67 error npm -v 1.4.21
68 error path /usr/local/bin/bower
69 error code EACCES
70 error errno 3
71 error stack Error: EACCES, unlink '/usr/local/bin/bower'
72 verbose exit [ 3, true ]
